<?xml version="1.0" encoding="UTF-8"?>
<testsuite name="votevault.AppTest" tests="1" skipped="0" failures="0" errors="0" timestamp="2022-07-25T09:13:41" hostname="DESKTOP-UF1CEHU" time="0.026">
  <properties/>
  <testcase name="appHasAGreeting()" classname="votevault.AppTest" time="0.026"/>
  <system-out><![CDATA[]]></system-out>
  <system-err><![CDATA[]]></system-err>
</testsuite>
